# JRE version: OpenJDK Runtime Environment Temurin-21.0.9+10 (21.0.9+10) (build 21.0.9+10-LTS)
# Java VM: OpenJDK 64-Bit Server VM Temurin-21.0.9+10 (21.0.9+10-LTS, mixed mode, sharing, tiered, compressed oops, compressed class ptrs, parallel gc, windows-amd64)
GC Precious Log:
 CardTable entry size: 512
 CPUs: 4 total, 4 available
 Memory: 3993M
 Large Page Support: Disabled
 NUMA Support: Disabled
 Compressed Oops: Enabled (32-bit)
 Alignments: Space 512K, Generation 512K, Heap 2M
 Heap Min Capacity: 100M
 Heap Initial Capacity: 100M
 Heap Max Capacity: 2G
 Pre-touch: Disabled
 Parallel Workers: 4
Heap:
 PSYoungGen      total 14848K, used 14481K [0x00000000d5580000, 0x00000000d6900000, 0x0000000100000000)
  eden space 13824K, 100% used [0x00000000d5580000,0x00000000d6300000,0x00000000d6300000)
  from space 1024K, 64% used [0x00000000d6700000,0x00000000d67a4400,0x00000000d6800000)
  to   space 1024K, 93% used [0x00000000d6800000,0x00000000d68f0400,0x00000000d6900000)
 ParOldGen       total 68608K, used 57778K [0x0000000080000000, 0x0000000084300000, 0x00000000d5580000)
  object space 68608K, 84% used [0x0000000080000000,0x000000008386c898,0x0000000084300000)
 Metaspace       used 58589K, committed 59776K, reserved 1114112K
  class space    used 6391K, committed 6848K, reserved 1048576K
GC Heap History (20 events):
Event: 71.602 GC heap after
{Heap after GC invocations=32 (full 2):
 PSYoungGen      total 23040K, used 2016K [0x00000000d5580000, 0x00000000d6e80000, 0x0000000100000000)
  eden space 20992K, 0% used [0x00000000d5580000,0x00000000d5580000,0x00000000d6a00000)
  from space 2048K, 98% used [0x00000000d6c80000,0x00000000d6e78010,0x00000000d6e80000)
  to   space 2048K, 0% used [0x00000000d6a80000,0x00000000d6a80000,0x00000000d6c80000)
 ParOldGen       total 68608K, used 42606K [0x0000000080000000, 0x0000000084300000, 0x00000000d5580000)
  object space 68608K, 62% used [0x0000000080000000,0x000000008299baf8,0x0000000084300000)
 Metaspace       used 57855K, committed 59072K, reserved 1114112K
  class space    used 6331K, committed 6848K, reserved 1048576K
}
Event: 71.711 GC heap before
{Heap before GC invocations=33 (full 2):
 PSYoungGen      total 23040K, used 23008K [0x00000000d5580000, 0x00000000d6e80000, 0x0000000100000000)
  eden space 20992K, 100% used [0x00000000d5580000,0x00000000d6a00000,0x00000000d6a00000)
  from space 2048K, 98% used [0x00000000d6c80000,0x00000000d6e78010,0x00000000d6e80000)
  to   space 2048K, 0% used [0x00000000d6a80000,0x00000000d6a80000,0x00000000d6c80000)
 ParOldGen       total 68608K, used 42606K [0x0000000080000000, 0x0000000084300000, 0x00000000d5580000)
  object space 68608K, 62% used [0x0000000080000000,0x000000008299baf8,0x0000000084300000)
 Metaspace       used 57869K, committed 59200K, reserved 1114112K
  class space    used 6331K, committed 6848K, reserved 1048576K
}
Event: 71.717 GC heap after
{Heap after GC invocations=33 (full 2):
 PSYoungGen      total 23040K, used 1752K [0x00000000d5580000, 0x00000000d6e00000, 0x0000000100000000)
  eden space 20992K, 0% used [0x00000000d5580000,0x00000000d5580000,0x00000000d6a00000)
  from space 2048K, 85% used [0x00000000d6a80000,0x00000000d6c36200,0x00000000d6c80000)
  to   space 1536K, 0% used [0x00000000d6c80000,0x00000000d6c80000,0x00000000d6e00000)
 ParOldGen       total 68608K, used 44590K [0x0000000080000000, 0x0000000084300000, 0x00000000d5580000)
  object space 68608K, 64% used [0x0000000080000000,0x0000000082b8bb08,0x0000000084300000)
 Metaspace       used 57869K, committed 59200K, reserved 1114112K
  class space    used 6331K, committed 6848K, reserved 1048576K
}
Event: 72.217 GC heap before
{Heap before GC invocations=34 (full 2):
 PSYoungGen      total 23040K, used 22744K [0x00000000d5580000, 0x00000000d6e00000, 0x0000000100000000)
  eden space 20992K, 100% used [0x00000000d5580000,0x00000000d6a00000,0x00000000d6a00000)
  from space 2048K, 85% used [0x00000000d6a80000,0x00000000d6c36200,0x00000000d6c80000)
  to   space 1536K, 0% used [0x00000000d6c80000,0x00000000d6c80000,0x00000000d6e00000)
 ParOldGen       total 68608K, used 44590K [0x0000000080000000, 0x0000000084300000, 0x00000000d5580000)
  object space 68608K, 64% used [0x0000000080000000,0x0000000082b8bb08,0x0000000084300000)
 Metaspace       used 58512K, committed 59712K, reserved 1114112K
  class space    used 6384K, committed 6848K, reserved 1048576K
}
Event: 72.230 GC heap after
{Heap after GC invocations=34 (full 2):
 PSYoungGen      total 15360K, used 1509K [0x00000000d5580000, 0x00000000d7d00000, 0x0000000100000000)
  eden space 13824K, 0% used [0x00000000d5580000,0x00000000d5580000,0x00000000d6300000)
  from space 1536K, 98% used [0x00000000d6c80000,0x00000000d6df9638,0x00000000d6e00000)
  to   space 9728K, 0% used [0x00000000d6300000,0x00000000d6300000,0x00000000d6c80000)
 ParOldGen       total 68608K, used 51327K [0x0000000080000000, 0x0000000084300000, 0x00000000d5580000)
  object space 68608K, 74% used [0x0000000080000000,0x000000008321ff98,0x0000000084300000)
 Metaspace       used 58512K, committed 59712K, reserved 1114112K
  class space    used 6384K, committed 6848K, reserved 1048576K
}
Event: 72.365 GC heap before
{Heap before GC invocations=35 (full 2):
 PSYoungGen      total 15360K, used 15333K [0x00000000d5580000, 0x00000000d7d00000, 0x0000000100000000)
  eden space 13824K, 100% used [0x00000000d5580000,0x00000000d6300000,0x00000000d6300000)
  from space 1536K, 98% used [0x00000000d6c80000,0x00000000d6df9638,0x00000000d6e00000)
  to   space 9728K, 0% used [0x00000000d6300000,0x00000000d6300000,0x00000000d6c80000)
 ParOldGen       total 68608K, used 51327K [0x0000000080000000, 0x0000000084300000, 0x00000000d5580000)
  object space 68608K, 74% used [0x0000000080000000,0x000000008321ff98,0x0000000084300000)
 Metaspace       used 58527K, committed 59712K, reserved 1114112K
  class space    used 6387K, committed 6848K, reserved 1048576K
}
Event: 72.369 GC heap after
{Heap after GC invocations=35 (full 2):
 PSYoungGen      total 15360K, used 1088K [0x00000000d5580000, 0x00000000d6d00000, 0x0000000100000000)
  eden space 13824K, 0% used [0x00000000d5580000,0x00000000d5580000,0x00000000d6300000)
  from space 1536K, 70% used [0x00000000d6300000,0x00000000d64101f8,0x00000000d6480000)
  to   space 4096K, 0% used [0x00000000d6900000,0x00000000d6900000,0x00000000d6d00000)
 ParOldGen       total 68608K, used 52873K [0x0000000080000000, 0x0000000084300000, 0x00000000d5580000)
  object space 68608K, 77% used [0x0000000080000000,0x00000000833a2430,0x0000000084300000)
 Metaspace       used 58527K, committed 59712K, reserved 1114112K
  class space    used 6387K, committed 6848K, reserved 1048576K
}
Event: 72.447 GC heap before
{Heap before GC invocations=36 (full 2):
 PSYoungGen      total 15360K, used 14912K [0x00000000d5580000, 0x00000000d6d00000, 0x0000000100000000)
  eden space 13824K, 100% used [0x00000000d5580000,0x00000000d6300000,0x00000000d6300000)
  from space 1536K, 70% used [0x00000000d6300000,0x00000000d64101f8,0x00000000d6480000)
  to   space 4096K, 0% used [0x00000000d6900000,0x00000000d6900000,0x00000000d6d00000)
 ParOldGen       total 68608K, used 52873K [0x0000000080000000, 0x0000000084300000, 0x00000000d5580000)
  object space 68608K, 77% used [0x0000000080000000,0x00000000833a2430,0x0000000084300000)
 Metaspace       used 58539K, committed 59712K, reserved 1114112K
  class space    used 6387K, committed 6848K, reserved 1048576K
}
Event: 72.450 GC heap after
{Heap after GC invocations=36 (full 2):
 PSYoungGen      total 14848K, used 617K [0x00000000d5580000, 0x00000000d6a00000, 0x0000000100000000)
  eden space 13824K, 0% used [0x00000000d5580000,0x00000000d5580000,0x00000000d6300000)
  from space 1024K, 60% used [0x00000000d6900000,0x00000000d699a6e8,0x00000000d6a00000)
  to   space 1536K, 0% used [0x00000000d6700000,0x00000000d6700000,0x00000000d6880000)
 ParOldGen       total 68608K, used 53881K [0x0000000080000000, 0x0000000084300000, 0x00000000d5580000)
  object space 68608K, 78% used [0x0000000080000000,0x000000008349e5c8,0x0000000084300000)
 Metaspace       used 58539K, committed 59712K, reserved 1114112K
  class space    used 6387K, committed 6848K, reserved 1048576K
}
Event: 72.546 GC heap before
{Heap before GC invocations=37 (full 2):
 PSYoungGen      total 14848K, used 14441K [0x00000000d5580000, 0x00000000d6a00000, 0x0000000100000000)
  eden space 13824K, 100% used [0x00000000d5580000,0x00000000d6300000,0x00000000d6300000)
  from space 1024K, 60% used [0x00000000d6900000,0x00000000d699a6e8,0x00000000d6a00000)
  to   space 1536K, 0% used [0x00000000d6700000,0x00000000d6700000,0x00000000d6880000)
 ParOldGen       total 68608K, used 53881K [0x0000000080000000, 0x0000000084300000, 0x00000000d5580000)
  object space 68608K, 78% used [0x0000000080000000,0x000000008349e5c8,0x0000000084300000)
 Metaspace       used 58559K, committed 59712K, reserved 1114112K
  class space    used 6391K, committed 6848K, reserved 1048576K
}
Event: 72.548 GC heap after
{Heap after GC invocations=37 (full 2):
 PSYoungGen      total 15360K, used 750K [0x00000000d5580000, 0x00000000d6980000, 0x0000000100000000)
  eden space 13824K, 0% used [0x00000000d5580000,0x00000000d5580000,0x00000000d6300000)
  from space 1536K, 48% used [0x00000000d6700000,0x00000000d67bbb50,0x00000000d6880000)
  to   space 1024K, 0% used [0x00000000d6880000,0x00000000d6880000,0x00000000d6980000)
 ParOldGen       total 68608K, used 54479K [0x0000000080000000, 0x0000000084300000, 0x00000000d5580000)
  object space 68608K, 79% used [0x0000000080000000,0x0000000083533db0,0x0000000084300000)
 Metaspace       used 58559K, committed 59712K, reserved 1114112K
  class space    used 6391K, committed 6848K, reserved 1048576K
}
Event: 72.636 GC heap before
{Heap before GC invocations=38 (full 2):
 PSYoungGen      total 15360K, used 14574K [0x00000000d5580000, 0x00000000d6980000, 0x0000000100000000)
  eden space 13824K, 100% used [0x00000000d5580000,0x00000000d6300000,0x00000000d6300000)
  from space 1536K, 48% used [0x00000000d6700000,0x00000000d67bbb50,0x00000000d6880000)
  to   space 1024K, 0% used [0x00000000d6880000,0x00000000d6880000,0x00000000d6980000)
 ParOldGen       total 68608K, used 54479K [0x0000000080000000, 0x0000000084300000, 0x00000000d5580000)
  object space 68608K, 79% used [0x0000000080000000,0x0000000083533db0,0x0000000084300000)
 Metaspace       used 58563K, committed 59712K, reserved 1114112K
  class space    used 6391K, committed 6848K, reserved 1048576K
}
Event: 72.639 GC heap after
{Heap after GC invocations=38 (full 2):
 PSYoungGen      total 14848K, used 729K [0x00000000d5580000, 0x00000000d6980000, 0x0000000100000000)
  eden space 13824K, 0% used [0x00000000d5580000,0x00000000d5580000,0x00000000d6300000)
  from space 1024K, 71% used [0x00000000d6880000,0x00000000d6936508,0x00000000d6980000)
  to   space 1024K, 0% used [0x00000000d6780000,0x00000000d6780000,0x00000000d6880000)
 ParOldGen       total 68608K, used 55090K [0x0000000080000000, 0x0000000084300000, 0x00000000d5580000)
  object space 68608K, 80% used [0x0000000080000000,0x00000000835ccb38,0x0000000084300000)
 Metaspace       used 58563K, committed 59712K, reserved 1114112K
  class space    used 6391K, committed 6848K, reserved 1048576K
}
Event: 72.698 GC heap before
{Heap before GC invocations=39 (full 2):
 PSYoungGen      total 14848K, used 14553K [0x00000000d5580000, 0x00000000d6980000, 0x0000000100000000)
  eden space 13824K, 100% used [0x00000000d5580000,0x00000000d6300000,0x00000000d6300000)
  from space 1024K, 71% used [0x00000000d6880000,0x00000000d6936508,0x00000000d6980000)
  to   space 1024K, 0% used [0x00000000d6780000,0x00000000d6780000,0x00000000d6880000)
 ParOldGen       total 68608K, used 55090K [0x0000000080000000, 0x0000000084300000, 0x00000000d5580000)
  object space 68608K, 80% used [0x0000000080000000,0x00000000835ccb38,0x0000000084300000)
 Metaspace       used 58564K, committed 59776K, reserved 1114112K
  class space    used 6391K, committed 6848K, reserved 1048576K
}
Event: 72.700 GC heap after
{Heap after GC invocations=39 (full 2):
 PSYoungGen      total 14848K, used 993K [0x00000000d5580000, 0x00000000d6900000, 0x0000000100000000)
  eden space 13824K, 0% used [0x00000000d5580000,0x00000000d5580000,0x00000000d6300000)
  from space 1024K, 97% used [0x00000000d6780000,0x00000000d6878540,0x00000000d6880000)
  to   space 512K, 0% used [0x00000000d6880000,0x00000000d6880000,0x00000000d6900000)
 ParOldGen       total 68608K, used 55883K [0x0000000080000000, 0x0000000084300000, 0x00000000d5580000)
  object space 68608K, 81% used [0x0000000080000000,0x0000000083692ea8,0x0000000084300000)
 Metaspace       used 58564K, committed 59776K, reserved 1114112K
  class space    used 6391K, committed 6848K, reserved 1048576K
}
Event: 72.761 GC heap before
{Heap before GC invocations=40 (full 2):
 PSYoungGen      total 14848K, used 14817K [0x00000000d5580000, 0x00000000d6900000, 0x0000000100000000)
  eden space 13824K, 100% used [0x00000000d5580000,0x00000000d6300000,0x00000000d6300000)
  from space 1024K, 97% used [0x00000000d6780000,0x00000000d6878540,0x00000000d6880000)
  to   space 512K, 0% used [0x00000000d6880000,0x00000000d6880000,0x00000000d6900000)
 ParOldGen       total 68608K, used 55883K [0x0000000080000000, 0x0000000084300000, 0x00000000d5580000)
  object space 68608K, 81% used [0x0000000080000000,0x0000000083692ea8,0x0000000084300000)
 Metaspace       used 58573K, committed 59776K, reserved 1114112K
  class space    used 6391K, committed 6848K, reserved 1048576K
}
Event: 72.763 GC heap after
{Heap after GC invocations=40 (full 2):
 PSYoungGen      total 14336K, used 352K [0x00000000d5580000, 0x00000000d6900000, 0x0000000100000000)
  eden space 13824K, 0% used [0x00000000d5580000,0x00000000d5580000,0x00000000d6300000)
  from space 512K, 68% used [0x00000000d6880000,0x00000000d68d8000,0x00000000d6900000)
  to   space 1024K, 0% used [0x00000000d6700000,0x00000000d6700000,0x00000000d6800000)
 ParOldGen       total 68608K, used 56898K [0x0000000080000000, 0x0000000084300000, 0x00000000d5580000)
  object space 68608K, 82% used [0x0000000080000000,0x0000000083790bf8,0x0000000084300000)
 Metaspace       used 58573K, committed 59776K, reserved 1114112K
  class space    used 6391K, committed 6848K, reserved 1048576K
}
Event: 72.819 GC heap before
{Heap before GC invocations=41 (full 2):
 PSYoungGen      total 14336K, used 14176K [0x00000000d5580000, 0x00000000d6900000, 0x0000000100000000)
  eden space 13824K, 100% used [0x00000000d5580000,0x00000000d6300000,0x00000000d6300000)
  from space 512K, 68% used [0x00000000d6880000,0x00000000d68d8000,0x00000000d6900000)
  to   space 1024K, 0% used [0x00000000d6700000,0x00000000d6700000,0x00000000d6800000)
 ParOldGen       total 68608K, used 56898K [0x0000000080000000, 0x0000000084300000, 0x00000000d5580000)
  object space 68608K, 82% used [0x0000000080000000,0x0000000083790bf8,0x0000000084300000)
 Metaspace       used 58580K, committed 59776K, reserved 1114112K
  class space    used 6391K, committed 6848K, reserved 1048576K
}
Event: 72.822 GC heap after
{Heap after GC invocations=41 (full 2):
 PSYoungGen      total 14848K, used 657K [0x00000000d5580000, 0x00000000d6900000, 0x0000000100000000)
  eden space 13824K, 0% used [0x00000000d5580000,0x00000000d5580000,0x00000000d6300000)
  from space 1024K, 64% used [0x00000000d6700000,0x00000000d67a4400,0x00000000d6800000)
  to   space 1024K, 0% used [0x00000000d6800000,0x00000000d6800000,0x00000000d6900000)
 ParOldGen       total 68608K, used 57162K [0x0000000080000000, 0x0000000084300000, 0x00000000d5580000)
  object space 68608K, 83% used [0x0000000080000000,0x00000000837d2bf8,0x0000000084300000)
 Metaspace       used 58580K, committed 59776K, reserved 1114112K
  class space    used 6391K, committed 6848K, reserved 1048576K
}
Event: 72.898 GC heap before
{Heap before GC invocations=42 (full 2):
 PSYoungGen      total 14848K, used 14481K [0x00000000d5580000, 0x00000000d6900000, 0x0000000100000000)
  eden space 13824K, 100% used [0x00000000d5580000,0x00000000d6300000,0x00000000d6300000)
  from space 1024K, 64% used [0x00000000d6700000,0x00000000d67a4400,0x00000000d6800000)
  to   space 1024K, 0% used [0x00000000d6800000,0x00000000d6800000,0x00000000d6900000)
 ParOldGen       total 68608K, used 57162K [0x0000000080000000, 0x0000000084300000, 0x00000000d5580000)
  object space 68608K, 83% used [0x0000000080000000,0x00000000837d2bf8,0x0000000084300000)
 Metaspace       used 58589K, committed 59776K, reserved 1114112K
  class space    used 6391K, committed 6848K, reserved 1048576K
}

